SF:lib\app\features\product\data\datasources\favorite_local_datasource_impl.dart
DA:12,1
DA:14,1
DA:16,1
DA:17,3
DA:18,3
DA:19,1
DA:22,1
DA:24,1
DA:25,1
DA:26,2
DA:30,1
DA:32,1
DA:35,1
DA:37,1
DA:38,4
DA:40,2
DA:44,1
DA:45,2
DA:48,1
DA:49,4
DA:52,1
DA:53,4
DA:56,1
DA:57,4
DA:60,1
DA:61,2
DA:64,1
DA:65,2
DA:66,4
LF:29
LH:29
end_of_record
SF:lib\app\features\product\data\models\product_model.dart
DA:7,8
DA:17,1
DA:18,1
DA:19,1
DA:20,1
DA:21,1
DA:22,1
DA:23,1
DA:24,1
DA:25,1
DA:28,6
DA:29,6
DA:30,6
DA:31,6
DA:32,6
DA:33,6
DA:34,12
DA:35,6
DA:38,4
DA:39,2
DA:40,2
DA:41,4
DA:42,2
DA:43,2
DA:44,2
DA:45,4
DA:48,1
DA:49,4
LF:28
LH:28
end_of_record
SF:lib\app\features\product\data\value_objects\money.dart
DA:6,19
DA:8,0
DA:10,0
DA:11,0
DA:13,3
DA:14,6
LF:6
LH:3
end_of_record
SF:lib\app\features\product\data\value_objects\rating.dart
DA:8,20
DA:13,8
DA:14,8
DA:15,8
DA:18,4
DA:19,2
DA:20,2
DA:23,1
DA:24,3
DA:26,1
DA:27,3
LF:11
LH:11
end_of_record
SF:lib\app\core\entities\entity.dart
DA:6,19
DA:8,0
DA:9,0
LF:3
LH:1
end_of_record
SF:lib\app\core\value_objects\value_object.dart
DA:4,21
LF:1
LH:1
end_of_record
SF:lib\app\features\product\domain\entities\product.dart
DA:13,19
DA:23,1
DA:25,2
DA:26,4
DA:27,1
DA:30,4
DA:31,24
LF:7
LH:7
end_of_record
SF:lib\app\features\product\data\datasources\product_datasource_impl.dart
DA:12,1
DA:14,1
DA:16,3
DA:18,2
DA:19,2
DA:21,1
DA:25,1
DA:27,3
DA:29,2
DA:30,2
DA:32,1
LF:11
LH:11
end_of_record
SF:lib\app\core\common\extensions\status_code_extension.dart
DA:5,3
LF:1
LH:1
end_of_record
SF:lib\app\core\error\failure.dart
DA:5,13
DA:6,0
DA:7,0
DA:11,8
DA:15,5
LF:5
LH:3
end_of_record
SF:lib\app\features\product\data\repositories\favorite_repository_impl.dart
DA:12,1
DA:14,1
DA:17,2
DA:18,1
DA:24,1
DA:27,1
DA:28,2
DA:30,1
DA:36,1
DA:39,3
DA:46,1
DA:49,3
LF:12
LH:12
end_of_record
SF:lib\app\core\usecase\params.dart
DA:4,13
DA:8,2
DA:9,2
LF:3
LH:3
end_of_record
SF:lib\app\features\product\domain\usecases\add_to_favorites_usecase.dart
DA:11,1
DA:13,1
DA:15,3
LF:3
LH:3
end_of_record
SF:lib\app\features\product\domain\usecases\params\favorites_params.dart
DA:7,4
DA:9,1
DA:10,2
LF:3
LH:3
end_of_record
SF:lib\app\features\product\data\repositories\product_repository_impl.dart
DA:11,1
DA:13,1
DA:16,2
DA:17,1
DA:23,1
DA:26,2
DA:27,1
LF:7
LH:7
end_of_record
SF:lib\app\features\product\domain\usecases\get_product_usecase.dart
DA:12,1
DA:14,1
DA:16,3
DA:23,3
DA:25,1
DA:26,2
LF:6
LH:6
end_of_record
SF:lib\app\features\product\presentation\stores\product_details\product_details_state.dart
DA:4,2
DA:6,0
DA:7,0
DA:17,2
DA:19,1
DA:20,2
DA:26,1
DA:28,1
DA:29,2
LF:9
LH:7
end_of_record
SF:lib\app\features\product\presentation\stores\product_details\product_details_store.dart
DA:11,1
DA:12,2
DA:14,0
DA:15,0
DA:18,1
DA:19,2
DA:21,4
DA:24,1
DA:25,1
DA:26,1
DA:27,3
DA:28,3
DA:32,1
DA:33,1
LF:14
LH:12
end_of_record
SF:lib\app\features\product\domain\usecases\filter_products_usecase.dart
DA:10,0
DA:12,0
DA:14,0
DA:15,0
DA:23,4
DA:25,1
DA:26,3
LF:7
LH:3
end_of_record
SF:lib\app\features\product\domain\usecases\get_products_usecase.dart
DA:12,1
DA:14,1
DA:16,2
LF:3
LH:3
end_of_record
SF:lib\app\features\product\presentation\stores\products\products_store.dart
DA:14,1
DA:15,2
DA:17,1
DA:18,1
DA:19,1
DA:20,1
DA:21,2
DA:22,2
DA:23,1
DA:28,1
DA:29,2
DA:31,4
DA:34,1
DA:35,1
DA:36,0
DA:37,2
DA:38,1
DA:42,1
DA:43,1
DA:44,4
DA:45,1
DA:46,2
DA:50,1
DA:51,1
LF:24
LH:23
end_of_record
SF:lib\app\features\product\presentation\stores\products\products_state.dart
DA:4,2
DA:6,0
DA:7,0
DA:18,2
DA:20,1
DA:21,3
DA:27,1
DA:29,1
DA:30,2
LF:9
LH:7
end_of_record
SF:lib\app\features\product\domain\usecases\get_favorites_usecase.dart
DA:13,1
DA:14,1
DA:16,2
LF:3
LH:3
end_of_record
SF:lib\app\features\product\domain\usecases\is_favorites_usecase.dart
DA:12,1
DA:13,1
DA:15,3
LF:3
LH:3
end_of_record
SF:lib\app\features\product\domain\usecases\remove_from_favorites_usecase.dart
DA:11,1
DA:13,1
DA:15,3
LF:3
LH:3
end_of_record
SF:lib\app\features\product\presentation\stores\favorites\favorites_state.dart
DA:4,1
DA:6,0
DA:7,0
DA:17,1
DA:19,1
DA:20,2
DA:26,1
DA:28,1
DA:29,2
LF:9
LH:7
end_of_record
SF:lib\app\features\product\presentation\stores\favorites\favorites_store.dart
DA:21,1
DA:26,2
DA:28,1
DA:29,2
DA:30,3
DA:31,1
DA:32,4
DA:33,3
DA:37,1
DA:40,3
DA:42,1
DA:43,4
DA:44,1
DA:50,1
DA:51,3
DA:53,1
DA:54,4
DA:55,1
DA:59,1
DA:60,3
DA:62,1
DA:63,4
DA:64,1
DA:68,1
DA:69,1
LF:25
LH:25
end_of_record
